<?xml version="1.0" encoding="UTF-8"?>
<!-- Generated by org.testng.reporters.JUnitReportReporter -->
<testsuite hostname="DESKTOP-089LBSM" failures="0" tests="1" name="vtiger.ContactsTests.CreateContactWithOrganizationTest" time="27.588" errors="0" timestamp="2023-04-30T22:47:11 IST" skipped="0">
  <testcase classname="vtiger.ContactsTests.CreateContactWithOrganizationTest" name="createContactWithOrgTest" time="27.588"/>
  <system-out>
    <![CDATA[Click on Organizations link successful
Click on Create Organization look up image successfull
create organization successful
Navigate to contacts Link successful
Click on create contact look up image successful
 create contact successful]]>
  </system-out>
</testsuite> <!-- vtiger.ContactsTests.CreateContactWithOrganizationTest -->
