<?xml version="1.0" encoding="UTF-8"?>
<!-- Generated by org.testng.reporters.JUnitReportReporter -->
<testsuite hostname="DESKTOP-089LBSM" failures="0" tests="3" name="vtiger.OrganizationTests.CreateOrganizationTest" time="39.112" errors="0" timestamp="2023-07-21T12:07:21 IST" skipped="0">
  <testcase classname="vtiger.OrganizationTests.CreateOrganizationTest" name="regional" time="7.151"/>
  <system-out/>
  <testcase classname="vtiger.OrganizationTests.CreateOrganizationTest" name="createOrganizationTest" time="24.841"/>
  <system-out/>
  <testcase classname="vtiger.OrganizationTests.CreateOrganizationTest" name="demoScript" time="7.120"/>
  <system-out/>
</testsuite> <!-- vtiger.OrganizationTests.CreateOrganizationTest -->
